<?xml version="1.0" encoding="UTF-8"?>
<!-- Generated by org.testng.reporters.JUnitReportReporter -->
<testsuite hostname="DESKTOP-Toqa" failures="0" tests="4" name="myTestCases.TestCases" time="33.828" errors="0" timestamp="2024-03-28T02:19:30 EET" skipped="0">
  <testcase classname="myTestCases.TestCases" name="myTest" time="16.898"/>
  <system-out/>
  <testcase classname="myTestCases.TestCases" name="preesonAllNumbersOnlyNumbers" time="7.305"/>
  <system-out/>
  <testcase classname="myTestCases.TestCases" name="pressOnEvenNumbers" time="4.297"/>
  <system-out/>
  <testcase classname="myTestCases.TestCases" name="pressOnOddNumbers" time="5.328"/>
  <system-out/>
</testsuite> <!-- myTestCases.TestCases -->
